<?xml version="1.0" encoding="UTF-8"?>
<testng-results skipped="0" failed="0" ignored="6" total="57" passed="51">
  <reporter-output>
  </reporter-output>
  <suite name="All Test Suite" duration-ms="971238" started-at="2020-09-22T20:00:55Z" finished-at="2020-09-22T20:17:06Z">
    <groups>
    </groups>
    <test name="C:/Users/Base2/Desktop/Ole/mantisJavaTemplate/src/test/java/com/seleniumMantis/tests" duration-ms="971238" started-at="2020-09-22T20:00:55Z" finished-at="2020-09-22T20:17:06Z">
      <class name="com.seleniumMantis.tests.TarefasTests">
        <test-method status="PASS" signature="beforeTest(java.lang.reflect.Method)[pri:0, instance:com.seleniumMantis.tests.TarefasTests@38534742]" name="beforeTest" is-config="true" duration-ms="7071" started-at="2020-09-22T20:12:08Z" finished-at="2020-09-22T20:12:15Z">
          <params>
            <param index="0">
              <value>
                <![CDATA[public void com.seleniumMantis.tests.TarefasTests.criaTarefaSucesso()]]>
              </value>
            </param>
          </params>
          <reporter-output>
          </reporter-output>
        </test-method> <!-- beforeTest -->
        <test-method status="PASS" signature="criaTarefaSucesso()[pri:0, instance:com.seleniumMantis.tests.TarefasTests@38534742]" name="criaTarefaSucesso" duration-ms="12051" started-at="2020-09-22T20:12:15Z" finished-at="2020-09-22T20:12:27Z">
          <reporter-output>
          </reporter-output>
        </test-method> <!-- criaTarefaSucesso -->
        <test-method status="PASS" signature="afterTest(org.testng.ITestResult)[pri:0, instance:com.seleniumMantis.tests.TarefasTests@38534742]" name="afterTest" is-config="true" duration-ms="832" started-at="2020-09-22T20:12:27Z" finished-at="2020-09-22T20:12:28Z">
          <params>
            <param index="0">
              <value>
                <![CDATA[[TestResult name=criaTarefaSucesso status=SUCCESS method=TarefasTests.criaTarefaSucesso()[pri:0, instance:com.seleniumMantis.tests.TarefasTests@38534742] output={null}]]]>
              </value>
            </param>
          </params>
          <reporter-output>
          </reporter-output>
        </test-method> <!-- afterTest -->
        <test-method status="PASS" signature="beforeTest(java.lang.reflect.Method)[pri:0, instance:com.seleniumMantis.tests.TarefasTests@38534742]" name="beforeTest" is-config="true" duration-ms="7700" started-at="2020-09-22T20:12:28Z" finished-at="2020-09-22T20:12:35Z">
          <params>
            <param index="0">
              <value>
                <![CDATA[public void com.seleniumMantis.tests.TarefasTests.verificaTarefaCriadaEmMinhaVisao()]]>
              </value>
            </param>
          </params>
          <reporter-output>
          </reporter-output>
        </test-method> <!-- beforeTest -->
        <test-method status="PASS" signature="verificaTarefaCriadaEmMinhaVisao()[pri:0, instance:com.seleniumMantis.tests.TarefasTests@38534742]" name="verificaTarefaCriadaEmMinhaVisao" duration-ms="10578" started-at="2020-09-22T20:12:35Z" finished-at="2020-09-22T20:12:46Z">
          <reporter-output>
          </reporter-output>
        </test-method> <!-- verificaTarefaCriadaEmMinhaVisao -->
        <test-method status="PASS" signature="afterTest(org.testng.ITestResult)[pri:0, instance:com.seleniumMantis.tests.TarefasTests@38534742]" name="afterTest" is-config="true" duration-ms="798" started-at="2020-09-22T20:12:46Z" finished-at="2020-09-22T20:12:47Z">
          <params>
            <param index="0">
              <value>
                <![CDATA[[TestResult name=verificaTarefaCriadaEmMinhaVisao status=SUCCESS method=TarefasTests.verificaTarefaCriadaEmMinhaVisao()[pri:0, instance:com.seleniumMantis.tests.TarefasTests@38534742] output={null}]]]>
              </value>
            </param>
          </params>
          <reporter-output>
          </reporter-output>
        </test-method> <!-- afterTest -->
        <test-method status="PASS" signature="beforeTest(java.lang.reflect.Method)[pri:0, instance:com.seleniumMantis.tests.TarefasTests@38534742]" name="beforeTest" is-config="true" duration-ms="7459" started-at="2020-09-22T20:12:47Z" finished-at="2020-09-22T20:12:54Z">
          <params>
            <param index="0">
              <value>
                <![CDATA[public void com.seleniumMantis.tests.TarefasTests.verificaFiltroTarefa()]]>
              </value>
            </param>
          </params>
          <reporter-output>
          </reporter-output>
        </test-method> <!-- beforeTest -->
        <test-method status="PASS" signature="verificaFiltroTarefa()[pri:0, instance:com.seleniumMantis.tests.TarefasTests@38534742]" name="verificaFiltroTarefa" duration-ms="12562" started-at="2020-09-22T20:12:54Z" finished-at="2020-09-22T20:13:07Z">
          <reporter-output>
          </reporter-output>
        </test-method> <!-- verificaFiltroTarefa -->
        <test-method status="PASS" signature="afterTest(org.testng.ITestResult)[pri:0, instance:com.seleniumMantis.tests.TarefasTests@38534742]" name="afterTest" is-config="true" duration-ms="818" started-at="2020-09-22T20:13:07Z" finished-at="2020-09-22T20:13:07Z">
          <params>
            <param index="0">
              <value>
                <![CDATA[[TestResult name=verificaFiltroTarefa status=SUCCESS method=TarefasTests.verificaFiltroTarefa()[pri:0, instance:com.seleniumMantis.tests.TarefasTests@38534742] output={null}]]]>
              </value>
            </param>
          </params>
          <reporter-output>
          </reporter-output>
        </test-method> <!-- afterTest -->
        <test-method status="PASS" signature="beforeTest(java.lang.reflect.Method)[pri:0, instance:com.seleniumMantis.tests.TarefasTests@38534742]" name="beforeTest" is-config="true" duration-ms="7132" started-at="2020-09-22T20:13:07Z" finished-at="2020-09-22T20:13:15Z">
          <params>
            <param index="0">
              <value>
                <![CDATA[public void com.seleniumMantis.tests.TarefasTests.adicionaMarcadorTarefa()]]>
              </value>
            </param>
          </params>
          <reporter-output>
          </reporter-output>
        </test-method> <!-- beforeTest -->
        <test-method status="PASS" signature="adicionaMarcadorTarefa()[pri:0, instance:com.seleniumMantis.tests.TarefasTests@38534742]" name="adicionaMarcadorTarefa" duration-ms="11189" started-at="2020-09-22T20:13:15Z" finished-at="2020-09-22T20:13:26Z">
          <reporter-output>
          </reporter-output>
        </test-method> <!-- adicionaMarcadorTarefa -->
        <test-method status="PASS" signature="afterTest(org.testng.ITestResult)[pri:0, instance:com.seleniumMantis.tests.TarefasTests@38534742]" name="afterTest" is-config="true" duration-ms="823" started-at="2020-09-22T20:13:26Z" finished-at="2020-09-22T20:13:27Z">
          <params>
            <param index="0">
              <value>
                <![CDATA[[TestResult name=adicionaMarcadorTarefa status=SUCCESS method=TarefasTests.adicionaMarcadorTarefa()[pri:0, instance:com.seleniumMantis.tests.TarefasTests@38534742] output={null}]]]>
              </value>
            </param>
          </params>
          <reporter-output>
          </reporter-output>
        </test-method> <!-- afterTest -->
        <test-method status="PASS" signature="beforeTest(java.lang.reflect.Method)[pri:0, instance:com.seleniumMantis.tests.TarefasTests@38534742]" name="beforeTest" is-config="true" duration-ms="6940" started-at="2020-09-22T20:13:27Z" finished-at="2020-09-22T20:13:34Z">
          <params>
            <param index="0">
              <value>
                <![CDATA[public void com.seleniumMantis.tests.TarefasTests.removeMarcadorTarefa()]]>
              </value>
            </param>
          </params>
          <reporter-output>
          </reporter-output>
        </test-method> <!-- beforeTest -->
        <test-method status="PASS" signature="removeMarcadorTarefa()[pri:0, instance:com.seleniumMantis.tests.TarefasTests@38534742]" name="removeMarcadorTarefa" duration-ms="13337" started-at="2020-09-22T20:13:34Z" finished-at="2020-09-22T20:13:47Z">
          <reporter-output>
          </reporter-output>
        </test-method> <!-- removeMarcadorTarefa -->
        <test-method status="PASS" signature="afterTest(org.testng.ITestResult)[pri:0, instance:com.seleniumMantis.tests.TarefasTests@38534742]" name="afterTest" is-config="true" duration-ms="749" started-at="2020-09-22T20:13:47Z" finished-at="2020-09-22T20:13:48Z">
          <params>
            <param index="0">
              <value>
                <![CDATA[[TestResult name=removeMarcadorTarefa status=SUCCESS method=TarefasTests.removeMarcadorTarefa()[pri:0, instance:com.seleniumMantis.tests.TarefasTests@38534742] output={null}]]]>
              </value>
            </param>
          </params>
          <reporter-output>
          </reporter-output>
        </test-method> <!-- afterTest -->
        <test-method status="PASS" signature="beforeTest(java.lang.reflect.Method)[pri:0, instance:com.seleniumMantis.tests.TarefasTests@38534742]" name="beforeTest" is-config="true" duration-ms="6770" started-at="2020-09-22T20:13:48Z" finished-at="2020-09-22T20:13:54Z">
          <params>
            <param index="0">
              <value>
                <![CDATA[public void com.seleniumMantis.tests.TarefasTests.adicionaRelacaoInvalida()]]>
              </value>
            </param>
          </params>
          <reporter-output>
          </reporter-output>
        </test-method> <!-- beforeTest -->
        <test-method status="PASS" signature="adicionaRelacaoInvalida()[pri:0, instance:com.seleniumMantis.tests.TarefasTests@38534742]" name="adicionaRelacaoInvalida" duration-ms="10972" started-at="2020-09-22T20:13:54Z" finished-at="2020-09-22T20:14:05Z">
          <reporter-output>
          </reporter-output>
        </test-method> <!-- adicionaRelacaoInvalida -->
        <test-method status="PASS" signature="afterTest(org.testng.ITestResult)[pri:0, instance:com.seleniumMantis.tests.TarefasTests@38534742]" name="afterTest" is-config="true" duration-ms="1575" started-at="2020-09-22T20:14:05Z" finished-at="2020-09-22T20:14:07Z">
          <params>
            <param index="0">
              <value>
                <![CDATA[[TestResult name=adicionaRelacaoInvalida status=SUCCESS method=TarefasTests.adicionaRelacaoInvalida()[pri:0, instance:com.seleniumMantis.tests.TarefasTests@38534742] output={null}]]]>
              </value>
            </param>
          </params>
          <reporter-output>
          </reporter-output>
        </test-method> <!-- afterTest -->
        <test-method status="PASS" signature="beforeTest(java.lang.reflect.Method)[pri:0, instance:com.seleniumMantis.tests.TarefasTests@38534742]" name="beforeTest" is-config="true" duration-ms="6496" started-at="2020-09-22T20:14:07Z" finished-at="2020-09-22T20:14:13Z">
          <params>
            <param index="0">
              <value>
                <![CDATA[public void com.seleniumMantis.tests.TarefasTests.adicionaRelacaoSucesso()]]>
              </value>
            </param>
          </params>
          <reporter-output>
          </reporter-output>
        </test-method> <!-- beforeTest -->
        <test-method status="PASS" signature="adicionaRelacaoSucesso()[pri:0, instance:com.seleniumMantis.tests.TarefasTests@38534742]" name="adicionaRelacaoSucesso" duration-ms="11898" started-at="2020-09-22T20:14:13Z" finished-at="2020-09-22T20:14:25Z">
          <reporter-output>
          </reporter-output>
        </test-method> <!-- adicionaRelacaoSucesso -->
        <test-method status="PASS" signature="afterTest(org.testng.ITestResult)[pri:0, instance:com.seleniumMantis.tests.TarefasTests@38534742]" name="afterTest" is-config="true" duration-ms="838" started-at="2020-09-22T20:14:25Z" finished-at="2020-09-22T20:14:26Z">
          <params>
            <param index="0">
              <value>
                <![CDATA[[TestResult name=adicionaRelacaoSucesso status=SUCCESS method=TarefasTests.adicionaRelacaoSucesso()[pri:0, instance:com.seleniumMantis.tests.TarefasTests@38534742] output={null}]]]>
              </value>
            </param>
          </params>
          <reporter-output>
          </reporter-output>
        </test-method> <!-- afterTest -->
        <test-method status="PASS" signature="beforeTest(java.lang.reflect.Method)[pri:0, instance:com.seleniumMantis.tests.TarefasTests@38534742]" name="beforeTest" is-config="true" duration-ms="6948" started-at="2020-09-22T20:14:26Z" finished-at="2020-09-22T20:14:33Z">
          <params>
            <param index="0">
              <value>
                <![CDATA[public void com.seleniumMantis.tests.TarefasTests.adicionaRelacaoPaiSucesso()]]>
              </value>
            </param>
          </params>
          <reporter-output>
          </reporter-output>
        </test-method> <!-- beforeTest -->
        <test-method status="PASS" signature="adicionaRelacaoPaiSucesso()[pri:0, instance:com.seleniumMantis.tests.TarefasTests@38534742]" name="adicionaRelacaoPaiSucesso" duration-ms="10814" started-at="2020-09-22T20:14:33Z" finished-at="2020-09-22T20:14:44Z">
          <reporter-output>
          </reporter-output>
        </test-method> <!-- adicionaRelacaoPaiSucesso -->
        <test-method status="PASS" signature="afterTest(org.testng.ITestResult)[pri:0, instance:com.seleniumMantis.tests.TarefasTests@38534742]" name="afterTest" is-config="true" duration-ms="1510" started-at="2020-09-22T20:14:44Z" finished-at="2020-09-22T20:14:45Z">
          <params>
            <param index="0">
              <value>
                <![CDATA[[TestResult name=adicionaRelacaoPaiSucesso status=SUCCESS method=TarefasTests.adicionaRelacaoPaiSucesso()[pri:0, instance:com.seleniumMantis.tests.TarefasTests@38534742] output={null}]]]>
              </value>
            </param>
          </params>
          <reporter-output>
          </reporter-output>
        </test-method> <!-- afterTest -->
        <test-method status="PASS" signature="beforeTest(java.lang.reflect.Method)[pri:0, instance:com.seleniumMantis.tests.TarefasTests@38534742]" name="beforeTest" is-config="true" duration-ms="7017" started-at="2020-09-22T20:14:45Z" finished-at="2020-09-22T20:14:52Z">
          <params>
            <param index="0">
              <value>
                <![CDATA[public void com.seleniumMantis.tests.TarefasTests.adicionaRelacaoFilhoSucesso()]]>
              </value>
            </param>
          </params>
          <reporter-output>
          </reporter-output>
        </test-method> <!-- beforeTest -->
        <test-method status="PASS" signature="adicionaRelacaoFilhoSucesso()[pri:0, instance:com.seleniumMantis.tests.TarefasTests@38534742]" name="adicionaRelacaoFilhoSucesso" duration-ms="11611" started-at="2020-09-22T20:14:52Z" finished-at="2020-09-22T20:15:04Z">
          <reporter-output>
          </reporter-output>
        </test-method> <!-- adicionaRelacaoFilhoSucesso -->
        <test-method status="PASS" signature="afterTest(org.testng.ITestResult)[pri:0, instance:com.seleniumMantis.tests.TarefasTests@38534742]" name="afterTest" is-config="true" duration-ms="1239" started-at="2020-09-22T20:15:04Z" finished-at="2020-09-22T20:15:05Z">
          <params>
            <param index="0">
              <value>
                <![CDATA[[TestResult name=adicionaRelacaoFilhoSucesso status=SUCCESS method=TarefasTests.adicionaRelacaoFilhoSucesso()[pri:0, instance:com.seleniumMantis.tests.TarefasTests@38534742] output={null}]]]>
              </value>
            </param>
          </params>
          <reporter-output>
          </reporter-output>
        </test-method> <!-- afterTest -->
        <test-method status="PASS" signature="beforeTest(java.lang.reflect.Method)[pri:0, instance:com.seleniumMantis.tests.TarefasTests@38534742]" name="beforeTest" is-config="true" duration-ms="7089" started-at="2020-09-22T20:15:05Z" finished-at="2020-09-22T20:15:12Z">
          <params>
            <param index="0">
              <value>
                <![CDATA[public void com.seleniumMantis.tests.TarefasTests.adicionaRelacaoDuplicadaSucesso()]]>
              </value>
            </param>
          </params>
          <reporter-output>
          </reporter-output>
        </test-method> <!-- beforeTest -->
        <test-method status="PASS" signature="adicionaRelacaoDuplicadaSucesso()[pri:0, instance:com.seleniumMantis.tests.TarefasTests@38534742]" name="adicionaRelacaoDuplicadaSucesso" duration-ms="11765" started-at="2020-09-22T20:15:12Z" finished-at="2020-09-22T20:15:24Z">
          <reporter-output>
          </reporter-output>
        </test-method> <!-- adicionaRelacaoDuplicadaSucesso -->
        <test-method status="PASS" signature="afterTest(org.testng.ITestResult)[pri:0, instance:com.seleniumMantis.tests.TarefasTests@38534742]" name="afterTest" is-config="true" duration-ms="891" started-at="2020-09-22T20:15:24Z" finished-at="2020-09-22T20:15:25Z">
          <params>
            <param index="0">
              <value>
                <![CDATA[[TestResult name=adicionaRelacaoDuplicadaSucesso status=SUCCESS method=TarefasTests.adicionaRelacaoDuplicadaSucesso()[pri:0, instance:com.seleniumMantis.tests.TarefasTests@38534742] output={null}]]]>
              </value>
            </param>
          </params>
          <reporter-output>
          </reporter-output>
        </test-method> <!-- afterTest -->
        <test-method status="PASS" signature="beforeTest(java.lang.reflect.Method)[pri:0, instance:com.seleniumMantis.tests.TarefasTests@38534742]" name="beforeTest" is-config="true" duration-ms="6891" started-at="2020-09-22T20:15:25Z" finished-at="2020-09-22T20:15:32Z">
          <params>
            <param index="0">
              <value>
                <![CDATA[public void com.seleniumMantis.tests.TarefasTests.adicionaRelacaoPossuiDuplicidadeSucesso()]]>
              </value>
            </param>
          </params>
          <reporter-output>
          </reporter-output>
        </test-method> <!-- beforeTest -->
        <test-method status="PASS" signature="adicionaRelacaoPossuiDuplicidadeSucesso()[pri:0, instance:com.seleniumMantis.tests.TarefasTests@38534742]" name="adicionaRelacaoPossuiDuplicidadeSucesso" duration-ms="11105" started-at="2020-09-22T20:15:32Z" finished-at="2020-09-22T20:15:43Z">
          <reporter-output>
          </reporter-output>
        </test-method> <!-- adicionaRelacaoPossuiDuplicidadeSucesso -->
        <test-method status="PASS" signature="afterTest(org.testng.ITestResult)[pri:0, instance:com.seleniumMantis.tests.TarefasTests@38534742]" name="afterTest" is-config="true" duration-ms="923" started-at="2020-09-22T20:15:43Z" finished-at="2020-09-22T20:15:44Z">
          <params>
            <param index="0">
              <value>
                <![CDATA[[TestResult name=adicionaRelacaoPossuiDuplicidadeSucesso status=SUCCESS method=TarefasTests.adicionaRelacaoPossuiDuplicidadeSucesso()[pri:0, instance:com.seleniumMantis.tests.TarefasTests@38534742] output={null}]]]>
              </value>
            </param>
          </params>
          <reporter-output>
          </reporter-output>
        </test-method> <!-- afterTest -->
        <test-method status="PASS" signature="beforeTest(java.lang.reflect.Method)[pri:0, instance:com.seleniumMantis.tests.TarefasTests@38534742]" name="beforeTest" is-config="true" duration-ms="6757" started-at="2020-09-22T20:15:44Z" finished-at="2020-09-22T20:15:51Z">
          <params>
            <param index="0">
              <value>
                <![CDATA[public void com.seleniumMantis.tests.TarefasTests.atribuiTarefaUsuario()]]>
              </value>
            </param>
          </params>
          <reporter-output>
          </reporter-output>
        </test-method> <!-- beforeTest -->
        <test-method status="PASS" signature="atribuiTarefaUsuario()[pri:0, instance:com.seleniumMantis.tests.TarefasTests@38534742]" name="atribuiTarefaUsuario" duration-ms="11738" started-at="2020-09-22T20:15:51Z" finished-at="2020-09-22T20:16:03Z">
          <reporter-output>
          </reporter-output>
        </test-method> <!-- atribuiTarefaUsuario -->
        <test-method status="PASS" signature="afterTest(org.testng.ITestResult)[pri:0, instance:com.seleniumMantis.tests.TarefasTests@38534742]" name="afterTest" is-config="true" duration-ms="1015" started-at="2020-09-22T20:16:03Z" finished-at="2020-09-22T20:16:04Z">
          <params>
            <param index="0">
              <value>
                <![CDATA[[TestResult name=atribuiTarefaUsuario status=SUCCESS method=TarefasTests.atribuiTarefaUsuario()[pri:0, instance:com.seleniumMantis.tests.TarefasTests@38534742] output={null}]]]>
              </value>
            </param>
          </params>
          <reporter-output>
          </reporter-output>
        </test-method> <!-- afterTest -->
        <test-method status="PASS" signature="beforeTest(java.lang.reflect.Method)[pri:0, instance:com.seleniumMantis.tests.TarefasTests@38534742]" name="beforeTest" is-config="true" duration-ms="6413" started-at="2020-09-22T20:16:04Z" finished-at="2020-09-22T20:16:10Z">
          <params>
            <param index="0">
              <value>
                <![CDATA[public void com.seleniumMantis.tests.TarefasTests.tentaResolverTarefaComStatusNovo()]]>
              </value>
            </param>
          </params>
          <reporter-output>
          </reporter-output>
        </test-method> <!-- beforeTest -->
        <test-method status="PASS" signature="tentaResolverTarefaComStatusNovo()[pri:0, instance:com.seleniumMantis.tests.TarefasTests@38534742]" name="tentaResolverTarefaComStatusNovo" duration-ms="11264" started-at="2020-09-22T20:16:10Z" finished-at="2020-09-22T20:16:21Z">
          <reporter-output>
          </reporter-output>
        </test-method> <!-- tentaResolverTarefaComStatusNovo -->
        <test-method status="PASS" signature="afterTest(org.testng.ITestResult)[pri:0, instance:com.seleniumMantis.tests.TarefasTests@38534742]" name="afterTest" is-config="true" duration-ms="1879" started-at="2020-09-22T20:16:21Z" finished-at="2020-09-22T20:16:23Z">
          <params>
            <param index="0">
              <value>
                <![CDATA[[TestResult name=tentaResolverTarefaComStatusNovo status=SUCCESS method=TarefasTests.tentaResolverTarefaComStatusNovo()[pri:0, instance:com.seleniumMantis.tests.TarefasTests@38534742] output={null}]]]>
              </value>
            </param>
          </params>
          <reporter-output>
          </reporter-output>
        </test-method> <!-- afterTest -->
        <test-method status="PASS" signature="beforeTest(java.lang.reflect.Method)[pri:0, instance:com.seleniumMantis.tests.TarefasTests@38534742]" name="beforeTest" is-config="true" duration-ms="6618" started-at="2020-09-22T20:16:23Z" finished-at="2020-09-22T20:16:30Z">
          <params>
            <param index="0">
              <value>
                <![CDATA[public void com.seleniumMantis.tests.TarefasTests.tentaResolverTarefaSucesso()]]>
              </value>
            </param>
          </params>
          <reporter-output>
          </reporter-output>
        </test-method> <!-- beforeTest -->
        <test-method status="PASS" signature="tentaResolverTarefaSucesso()[pri:0, instance:com.seleniumMantis.tests.TarefasTests@38534742]" name="tentaResolverTarefaSucesso" duration-ms="12220" started-at="2020-09-22T20:16:30Z" finished-at="2020-09-22T20:16:42Z">
          <reporter-output>
          </reporter-output>
        </test-method> <!-- tentaResolverTarefaSucesso -->
        <test-method status="PASS" signature="afterTest(org.testng.ITestResult)[pri:0, instance:com.seleniumMantis.tests.TarefasTests@38534742]" name="afterTest" is-config="true" duration-ms="1278" started-at="2020-09-22T20:16:42Z" finished-at="2020-09-22T20:16:43Z">
          <params>
            <param index="0">
              <value>
                <![CDATA[[TestResult name=tentaResolverTarefaSucesso status=SUCCESS method=TarefasTests.tentaResolverTarefaSucesso()[pri:0, instance:com.seleniumMantis.tests.TarefasTests@38534742] output={null}]]]>
              </value>
            </param>
          </params>
          <reporter-output>
          </reporter-output>
        </test-method> <!-- afterTest -->
        <test-method status="PASS" signature="beforeTest(java.lang.reflect.Method)[pri:0, instance:com.seleniumMantis.tests.TarefasTests@38534742]" name="beforeTest" is-config="true" duration-ms="7671" started-at="2020-09-22T20:16:43Z" finished-at="2020-09-22T20:16:51Z">
          <params>
            <param index="0">
              <value>
                <![CDATA[public void com.seleniumMantis.tests.TarefasTests.alteraPrioridadeTarefa()]]>
              </value>
            </param>
          </params>
          <reporter-output>
          </reporter-output>
        </test-method> <!-- beforeTest -->
        <test-method status="PASS" signature="alteraPrioridadeTarefa()[pri:0, instance:com.seleniumMantis.tests.TarefasTests@38534742]" name="alteraPrioridadeTarefa" duration-ms="14244" started-at="2020-09-22T20:16:51Z" finished-at="2020-09-22T20:17:05Z">
          <reporter-output>
          </reporter-output>
        </test-method> <!-- alteraPrioridadeTarefa -->
        <test-method status="PASS" signature="afterTest(org.testng.ITestResult)[pri:0, instance:com.seleniumMantis.tests.TarefasTests@38534742]" name="afterTest" is-config="true" duration-ms="937" started-at="2020-09-22T20:17:05Z" finished-at="2020-09-22T20:17:06Z">
          <params>
            <param index="0">
              <value>
                <![CDATA[[TestResult name=alteraPrioridadeTarefa status=SUCCESS method=TarefasTests.alteraPrioridadeTarefa()[pri:0, instance:com.seleniumMantis.tests.TarefasTests@38534742] output={null}]]]>
              </value>
            </param>
          </params>
          <reporter-output>
          </reporter-output>
        </test-method> <!-- afterTest -->
      </class> <!-- com.seleniumMantis.tests.TarefasTests -->
      <class name="com.seleniumMantis.tests.ProjetoTests">
        <test-method status="PASS" signature="beforeTest(java.lang.reflect.Method)[pri:0, instance:com.seleniumMantis.tests.ProjetoTests@4555890c]" name="beforeTest" is-config="true" duration-ms="6752" started-at="2020-09-22T20:11:44Z" finished-at="2020-09-22T20:11:51Z">
          <params>
            <param index="0">
              <value>
                <![CDATA[public void com.seleniumMantis.tests.ProjetoTests.verificaProjetoExistente()]]>
              </value>
            </param>
          </params>
          <reporter-output>
          </reporter-output>
        </test-method> <!-- beforeTest -->
        <test-method status="PASS" signature="verificaProjetoExistente()[pri:0, instance:com.seleniumMantis.tests.ProjetoTests@4555890c]" name="verificaProjetoExistente" duration-ms="3340" started-at="2020-09-22T20:11:51Z" finished-at="2020-09-22T20:11:54Z">
          <reporter-output>
          </reporter-output>
        </test-method> <!-- verificaProjetoExistente -->
        <test-method status="PASS" signature="afterTest(org.testng.ITestResult)[pri:0, instance:com.seleniumMantis.tests.ProjetoTests@4555890c]" name="afterTest" is-config="true" duration-ms="1526" started-at="2020-09-22T20:11:54Z" finished-at="2020-09-22T20:11:56Z">
          <params>
            <param index="0">
              <value>
                <![CDATA[[TestResult name=verificaProjetoExistente status=SUCCESS method=ProjetoTests.verificaProjetoExistente()[pri:0, instance:com.seleniumMantis.tests.ProjetoTests@4555890c] output={null}]]]>
              </value>
            </param>
          </params>
          <reporter-output>
          </reporter-output>
        </test-method> <!-- afterTest -->
        <test-method status="PASS" signature="beforeTest(java.lang.reflect.Method)[pri:0, instance:com.seleniumMantis.tests.ProjetoTests@4555890c]" name="beforeTest" is-config="true" duration-ms="6783" started-at="2020-09-22T20:11:56Z" finished-at="2020-09-22T20:12:02Z">
          <params>
            <param index="0">
              <value>
                <![CDATA[public void com.seleniumMantis.tests.ProjetoTests.verificaSelecaoProjetoExistente()]]>
              </value>
            </param>
          </params>
          <reporter-output>
          </reporter-output>
        </test-method> <!-- beforeTest -->
        <test-method status="PASS" signature="verificaSelecaoProjetoExistente()[pri:0, instance:com.seleniumMantis.tests.ProjetoTests@4555890c]" name="verificaSelecaoProjetoExistente" duration-ms="4377" started-at="2020-09-22T20:12:02Z" finished-at="2020-09-22T20:12:07Z">
          <reporter-output>
          </reporter-output>
        </test-method> <!-- verificaSelecaoProjetoExistente -->
        <test-method status="PASS" signature="afterTest(org.testng.ITestResult)[pri:0, instance:com.seleniumMantis.tests.ProjetoTests@4555890c]" name="afterTest" is-config="true" duration-ms="853" started-at="2020-09-22T20:12:07Z" finished-at="2020-09-22T20:12:08Z">
          <params>
            <param index="0">
              <value>
                <![CDATA[[TestResult name=verificaSelecaoProjetoExistente status=SUCCESS method=ProjetoTests.verificaSelecaoProjetoExistente()[pri:0, instance:com.seleniumMantis.tests.ProjetoTests@4555890c] output={null}]]]>
              </value>
            </param>
          </params>
          <reporter-output>
          </reporter-output>
        </test-method> <!-- afterTest -->
      </class> <!-- com.seleniumMantis.tests.ProjetoTests -->
      <class name="com.seleniumMantis.tests.GerenciarTests">
        <test-method status="PASS" signature="beforeSuite()[pri:0, instance:com.seleniumMantis.tests.GerenciarTests@19f3bbaf]" name="beforeSuite" is-config="true" duration-ms="858" started-at="2020-09-22T20:00:54Z" finished-at="2020-09-22T20:00:55Z">
          <reporter-output>
          </reporter-output>
        </test-method> <!-- beforeSuite -->
        <test-method status="PASS" signature="beforeTest(java.lang.reflect.Method)[pri:0, instance:com.seleniumMantis.tests.GerenciarTests@19f3bbaf]" name="beforeTest" is-config="true" duration-ms="10434" started-at="2020-09-22T20:00:55Z" finished-at="2020-09-22T20:01:05Z">
          <params>
            <param index="0">
              <value>
                <![CDATA[public void com.seleniumMantis.tests.GerenciarTests.verificaTrocaPerfilAdministrador()]]>
              </value>
            </param>
          </params>
          <reporter-output>
          </reporter-output>
        </test-method> <!-- beforeTest -->
        <test-method status="PASS" signature="verificaTrocaPerfilAdministrador()[pri:0, instance:com.seleniumMantis.tests.GerenciarTests@19f3bbaf]" name="verificaTrocaPerfilAdministrador" duration-ms="11312" started-at="2020-09-22T20:01:05Z" finished-at="2020-09-22T20:01:17Z">
          <reporter-output>
          </reporter-output>
        </test-method> <!-- verificaTrocaPerfilAdministrador -->
        <test-method status="PASS" signature="afterTest(org.testng.ITestResult)[pri:0, instance:com.seleniumMantis.tests.GerenciarTests@19f3bbaf]" name="afterTest" is-config="true" duration-ms="1853" started-at="2020-09-22T20:01:17Z" finished-at="2020-09-22T20:01:18Z">
          <params>
            <param index="0">
              <value>
                <![CDATA[[TestResult name=verificaTrocaPerfilAdministrador status=SUCCESS method=GerenciarTests.verificaTrocaPerfilAdministrador()[pri:0, instance:com.seleniumMantis.tests.GerenciarTests@19f3bbaf] output={null}]]]>
              </value>
            </param>
          </params>
          <reporter-output>
          </reporter-output>
        </test-method> <!-- afterTest -->
        <test-method status="PASS" signature="beforeTest(java.lang.reflect.Method)[pri:0, instance:com.seleniumMantis.tests.GerenciarTests@19f3bbaf]" name="beforeTest" is-config="true" duration-ms="10000" started-at="2020-09-22T20:01:18Z" finished-at="2020-09-22T20:01:28Z">
          <params>
            <param index="0">
              <value>
                <![CDATA[public void com.seleniumMantis.tests.GerenciarTests.inativaUsuario()]]>
              </value>
            </param>
          </params>
          <reporter-output>
          </reporter-output>
        </test-method> <!-- beforeTest -->
        <test-method status="PASS" signature="inativaUsuario()[pri:0, instance:com.seleniumMantis.tests.GerenciarTests@19f3bbaf]" name="inativaUsuario" duration-ms="7408" started-at="2020-09-22T20:01:28Z" finished-at="2020-09-22T20:01:36Z">
          <reporter-output>
          </reporter-output>
        </test-method> <!-- inativaUsuario -->
        <test-method status="PASS" signature="afterTest(org.testng.ITestResult)[pri:0, instance:com.seleniumMantis.tests.GerenciarTests@19f3bbaf]" name="afterTest" is-config="true" duration-ms="2017" started-at="2020-09-22T20:01:36Z" finished-at="2020-09-22T20:01:38Z">
          <params>
            <param index="0">
              <value>
                <![CDATA[[TestResult name=inativaUsuario status=SUCCESS method=GerenciarTests.inativaUsuario()[pri:0, instance:com.seleniumMantis.tests.GerenciarTests@19f3bbaf] output={null}]]]>
              </value>
            </param>
          </params>
          <reporter-output>
          </reporter-output>
        </test-method> <!-- afterTest -->
        <test-method status="PASS" signature="beforeTest(java.lang.reflect.Method)[pri:0, instance:com.seleniumMantis.tests.GerenciarTests@19f3bbaf]" name="beforeTest" is-config="true" duration-ms="6698" started-at="2020-09-22T20:01:38Z" finished-at="2020-09-22T20:01:45Z">
          <params>
            <param index="0">
              <value>
                <![CDATA[public void com.seleniumMantis.tests.GerenciarTests.verificaTrocaPerfilGerente()]]>
              </value>
            </param>
          </params>
          <reporter-output>
          </reporter-output>
        </test-method> <!-- beforeTest -->
        <test-method status="PASS" signature="verificaTrocaPerfilGerente()[pri:0, instance:com.seleniumMantis.tests.GerenciarTests@19f3bbaf]" name="verificaTrocaPerfilGerente" duration-ms="6691" started-at="2020-09-22T20:01:45Z" finished-at="2020-09-22T20:01:51Z">
          <reporter-output>
          </reporter-output>
        </test-method> <!-- verificaTrocaPerfilGerente -->
        <test-method status="PASS" signature="afterTest(org.testng.ITestResult)[pri:0, instance:com.seleniumMantis.tests.GerenciarTests@19f3bbaf]" name="afterTest" is-config="true" duration-ms="835" started-at="2020-09-22T20:01:51Z" finished-at="2020-09-22T20:01:52Z">
          <params>
            <param index="0">
              <value>
                <![CDATA[[TestResult name=verificaTrocaPerfilGerente status=SUCCESS method=GerenciarTests.verificaTrocaPerfilGerente()[pri:0, instance:com.seleniumMantis.tests.GerenciarTests@19f3bbaf] output={null}]]]>
              </value>
            </param>
          </params>
          <reporter-output>
          </reporter-output>
        </test-method> <!-- afterTest -->
        <test-method status="PASS" signature="beforeTest(java.lang.reflect.Method)[pri:0, instance:com.seleniumMantis.tests.GerenciarTests@19f3bbaf]" name="beforeTest" is-config="true" duration-ms="7025" started-at="2020-09-22T20:01:52Z" finished-at="2020-09-22T20:01:59Z">
          <params>
            <param index="0">
              <value>
                <![CDATA[public void com.seleniumMantis.tests.GerenciarTests.verificaTrocaPerfilDesenvolvedor()]]>
              </value>
            </param>
          </params>
          <reporter-output>
          </reporter-output>
        </test-method> <!-- beforeTest -->
        <test-method status="PASS" signature="verificaTrocaPerfilDesenvolvedor()[pri:0, instance:com.seleniumMantis.tests.GerenciarTests@19f3bbaf]" name="verificaTrocaPerfilDesenvolvedor" duration-ms="7585" started-at="2020-09-22T20:01:59Z" finished-at="2020-09-22T20:02:07Z">
          <reporter-output>
          </reporter-output>
        </test-method> <!-- verificaTrocaPerfilDesenvolvedor -->
        <test-method status="PASS" signature="afterTest(org.testng.ITestResult)[pri:0, instance:com.seleniumMantis.tests.GerenciarTests@19f3bbaf]" name="afterTest" is-config="true" duration-ms="826" started-at="2020-09-22T20:02:07Z" finished-at="2020-09-22T20:02:08Z">
          <params>
            <param index="0">
              <value>
                <![CDATA[[TestResult name=verificaTrocaPerfilDesenvolvedor status=SUCCESS method=GerenciarTests.verificaTrocaPerfilDesenvolvedor()[pri:0, instance:com.seleniumMantis.tests.GerenciarTests@19f3bbaf] output={null}]]]>
              </value>
            </param>
          </params>
          <reporter-output>
          </reporter-output>
        </test-method> <!-- afterTest -->
        <test-method status="PASS" signature="beforeTest(java.lang.reflect.Method)[pri:0, instance:com.seleniumMantis.tests.GerenciarTests@19f3bbaf]" name="beforeTest" is-config="true" duration-ms="7713" started-at="2020-09-22T20:02:08Z" finished-at="2020-09-22T20:02:15Z">
          <params>
            <param index="0">
              <value>
                <![CDATA[public void com.seleniumMantis.tests.GerenciarTests.verificaTrocaPerfilAtualizador()]]>
              </value>
            </param>
          </params>
          <reporter-output>
          </reporter-output>
        </test-method> <!-- beforeTest -->
        <test-method status="PASS" signature="verificaTrocaPerfilAtualizador()[pri:0, instance:com.seleniumMantis.tests.GerenciarTests@19f3bbaf]" name="verificaTrocaPerfilAtualizador" duration-ms="11263" started-at="2020-09-22T20:02:15Z" finished-at="2020-09-22T20:02:26Z">
          <reporter-output>
          </reporter-output>
        </test-method> <!-- verificaTrocaPerfilAtualizador -->
        <test-method status="PASS" signature="afterTest(org.testng.ITestResult)[pri:0, instance:com.seleniumMantis.tests.GerenciarTests@19f3bbaf]" name="afterTest" is-config="true" duration-ms="1325" started-at="2020-09-22T20:02:26Z" finished-at="2020-09-22T20:02:28Z">
          <params>
            <param index="0">
              <value>
                <![CDATA[[TestResult name=verificaTrocaPerfilAtualizador status=SUCCESS method=GerenciarTests.verificaTrocaPerfilAtualizador()[pri:0, instance:com.seleniumMantis.tests.GerenciarTests@19f3bbaf] output={null}]]]>
              </value>
            </param>
          </params>
          <reporter-output>
          </reporter-output>
        </test-method> <!-- afterTest -->
        <test-method status="PASS" signature="beforeTest(java.lang.reflect.Method)[pri:0, instance:com.seleniumMantis.tests.GerenciarTests@19f3bbaf]" name="beforeTest" is-config="true" duration-ms="8302" started-at="2020-09-22T20:02:28Z" finished-at="2020-09-22T20:02:36Z">
          <params>
            <param index="0">
              <value>
                <![CDATA[public void com.seleniumMantis.tests.GerenciarTests.verificaTrocaPerfilRelator()]]>
              </value>
            </param>
          </params>
          <reporter-output>
          </reporter-output>
        </test-method> <!-- beforeTest -->
        <test-method status="PASS" signature="verificaTrocaPerfilRelator()[pri:0, instance:com.seleniumMantis.tests.GerenciarTests@19f3bbaf]" name="verificaTrocaPerfilRelator" duration-ms="11264" started-at="2020-09-22T20:02:36Z" finished-at="2020-09-22T20:02:47Z">
          <reporter-output>
          </reporter-output>
        </test-method> <!-- verificaTrocaPerfilRelator -->
        <test-method status="PASS" signature="afterTest(org.testng.ITestResult)[pri:0, instance:com.seleniumMantis.tests.GerenciarTests@19f3bbaf]" name="afterTest" is-config="true" duration-ms="1014" started-at="2020-09-22T20:02:47Z" finished-at="2020-09-22T20:02:48Z">
          <params>
            <param index="0">
              <value>
                <![CDATA[[TestResult name=verificaTrocaPerfilRelator status=SUCCESS method=GerenciarTests.verificaTrocaPerfilRelator()[pri:0, instance:com.seleniumMantis.tests.GerenciarTests@19f3bbaf] output={null}]]]>
              </value>
            </param>
          </params>
          <reporter-output>
          </reporter-output>
        </test-method> <!-- afterTest -->
        <test-method status="PASS" signature="beforeTest(java.lang.reflect.Method)[pri:0, instance:com.seleniumMantis.tests.GerenciarTests@19f3bbaf]" name="beforeTest" is-config="true" duration-ms="8214" started-at="2020-09-22T20:02:48Z" finished-at="2020-09-22T20:02:57Z">
          <params>
            <param index="0">
              <value>
                <![CDATA[public void com.seleniumMantis.tests.GerenciarTests.verificaTrocaPerfilVisualizador()]]>
              </value>
            </param>
          </params>
          <reporter-output>
          </reporter-output>
        </test-method> <!-- beforeTest -->
        <test-method status="PASS" signature="verificaTrocaPerfilVisualizador()[pri:0, instance:com.seleniumMantis.tests.GerenciarTests@19f3bbaf]" name="verificaTrocaPerfilVisualizador" duration-ms="8040" started-at="2020-09-22T20:02:57Z" finished-at="2020-09-22T20:03:05Z">
          <reporter-output>
          </reporter-output>
        </test-method> <!-- verificaTrocaPerfilVisualizador -->
        <test-method status="PASS" signature="afterTest(org.testng.ITestResult)[pri:0, instance:com.seleniumMantis.tests.GerenciarTests@19f3bbaf]" name="afterTest" is-config="true" duration-ms="754" started-at="2020-09-22T20:03:05Z" finished-at="2020-09-22T20:03:05Z">
          <params>
            <param index="0">
              <value>
                <![CDATA[[TestResult name=verificaTrocaPerfilVisualizador status=SUCCESS method=GerenciarTests.verificaTrocaPerfilVisualizador()[pri:0, instance:com.seleniumMantis.tests.GerenciarTests@19f3bbaf] output={null}]]]>
              </value>
            </param>
          </params>
          <reporter-output>
          </reporter-output>
        </test-method> <!-- afterTest -->
        <test-method status="PASS" signature="beforeTest(java.lang.reflect.Method)[pri:0, instance:com.seleniumMantis.tests.GerenciarTests@19f3bbaf]" name="beforeTest" is-config="true" duration-ms="8054" started-at="2020-09-22T20:03:05Z" finished-at="2020-09-22T20:03:13Z">
          <params>
            <param index="0">
              <value>
                <![CDATA[public void com.seleniumMantis.tests.GerenciarTests.verificaAlteracaoEmailUsuario()]]>
              </value>
            </param>
          </params>
          <reporter-output>
          </reporter-output>
        </test-method> <!-- beforeTest -->
        <test-method status="PASS" signature="verificaAlteracaoEmailUsuario()[pri:0, instance:com.seleniumMantis.tests.GerenciarTests@19f3bbaf]" name="verificaAlteracaoEmailUsuario" duration-ms="8826" started-at="2020-09-22T20:03:13Z" finished-at="2020-09-22T20:03:22Z">
          <reporter-output>
          </reporter-output>
        </test-method> <!-- verificaAlteracaoEmailUsuario -->
        <test-method status="PASS" signature="afterTest(org.testng.ITestResult)[pri:0, instance:com.seleniumMantis.tests.GerenciarTests@19f3bbaf]" name="afterTest" is-config="true" duration-ms="829" started-at="2020-09-22T20:03:22Z" finished-at="2020-09-22T20:03:23Z">
          <params>
            <param index="0">
              <value>
                <![CDATA[[TestResult name=verificaAlteracaoEmailUsuario status=SUCCESS method=GerenciarTests.verificaAlteracaoEmailUsuario()[pri:0, instance:com.seleniumMantis.tests.GerenciarTests@19f3bbaf] output={null}]]]>
              </value>
            </param>
          </params>
          <reporter-output>
          </reporter-output>
        </test-method> <!-- afterTest -->
        <test-method status="PASS" signature="beforeTest(java.lang.reflect.Method)[pri:0, instance:com.seleniumMantis.tests.GerenciarTests@19f3bbaf]" name="beforeTest" is-config="true" duration-ms="7375" started-at="2020-09-22T20:03:23Z" finished-at="2020-09-22T20:03:30Z">
          <params>
            <param index="0">
              <value>
                <![CDATA[public void com.seleniumMantis.tests.GerenciarTests.apagaUsuario()]]>
              </value>
            </param>
          </params>
          <reporter-output>
          </reporter-output>
        </test-method> <!-- beforeTest -->
        <test-method status="PASS" signature="apagaUsuario()[pri:0, instance:com.seleniumMantis.tests.GerenciarTests@19f3bbaf]" name="apagaUsuario" duration-ms="8568" started-at="2020-09-22T20:03:30Z" finished-at="2020-09-22T20:03:39Z">
          <reporter-output>
          </reporter-output>
        </test-method> <!-- apagaUsuario -->
        <test-method status="PASS" signature="afterTest(org.testng.ITestResult)[pri:0, instance:com.seleniumMantis.tests.GerenciarTests@19f3bbaf]" name="afterTest" is-config="true" duration-ms="776" started-at="2020-09-22T20:03:39Z" finished-at="2020-09-22T20:03:40Z">
          <params>
            <param index="0">
              <value>
                <![CDATA[[TestResult name=apagaUsuario status=SUCCESS method=GerenciarTests.apagaUsuario()[pri:0, instance:com.seleniumMantis.tests.GerenciarTests@19f3bbaf] output={null}]]]>
              </value>
            </param>
          </params>
          <reporter-output>
          </reporter-output>
        </test-method> <!-- afterTest -->
        <test-method status="PASS" signature="beforeTest(java.lang.reflect.Method)[pri:0, instance:com.seleniumMantis.tests.GerenciarTests@19f3bbaf]" name="beforeTest" is-config="true" duration-ms="7367" started-at="2020-09-22T20:03:40Z" finished-at="2020-09-22T20:03:47Z">
          <params>
            <param index="0">
              <value>
                <![CDATA[public void com.seleniumMantis.tests.GerenciarTests.alteraNomeUsuario()]]>
              </value>
            </param>
          </params>
          <reporter-output>
          </reporter-output>
        </test-method> <!-- beforeTest -->
        <test-method status="PASS" signature="alteraNomeUsuario()[pri:0, instance:com.seleniumMantis.tests.GerenciarTests@19f3bbaf]" name="alteraNomeUsuario" duration-ms="9669" started-at="2020-09-22T20:03:47Z" finished-at="2020-09-22T20:03:57Z">
          <reporter-output>
          </reporter-output>
        </test-method> <!-- alteraNomeUsuario -->
        <test-method status="PASS" signature="afterTest(org.testng.ITestResult)[pri:0, instance:com.seleniumMantis.tests.GerenciarTests@19f3bbaf]" name="afterTest" is-config="true" duration-ms="1242" started-at="2020-09-22T20:03:57Z" finished-at="2020-09-22T20:03:58Z">
          <params>
            <param index="0">
              <value>
                <![CDATA[[TestResult name=alteraNomeUsuario status=SUCCESS method=GerenciarTests.alteraNomeUsuario()[pri:0, instance:com.seleniumMantis.tests.GerenciarTests@19f3bbaf] output={null}]]]>
              </value>
            </param>
          </params>
          <reporter-output>
          </reporter-output>
        </test-method> <!-- afterTest -->
        <test-method status="PASS" signature="beforeTest(java.lang.reflect.Method)[pri:0, instance:com.seleniumMantis.tests.GerenciarTests@19f3bbaf]" name="beforeTest" is-config="true" duration-ms="7123" started-at="2020-09-22T20:03:58Z" finished-at="2020-09-22T20:04:05Z">
          <params>
            <param index="0">
              <value>
                <![CDATA[public void com.seleniumMantis.tests.GerenciarTests.alteraNomeRealUsuario()]]>
              </value>
            </param>
          </params>
          <reporter-output>
          </reporter-output>
        </test-method> <!-- beforeTest -->
        <test-method status="PASS" signature="alteraNomeRealUsuario()[pri:0, instance:com.seleniumMantis.tests.GerenciarTests@19f3bbaf]" name="alteraNomeRealUsuario" duration-ms="7902" started-at="2020-09-22T20:04:05Z" finished-at="2020-09-22T20:04:13Z">
          <reporter-output>
          </reporter-output>
        </test-method> <!-- alteraNomeRealUsuario -->
        <test-method status="PASS" signature="afterTest(org.testng.ITestResult)[pri:0, instance:com.seleniumMantis.tests.GerenciarTests@19f3bbaf]" name="afterTest" is-config="true" duration-ms="900" started-at="2020-09-22T20:04:13Z" finished-at="2020-09-22T20:04:14Z">
          <params>
            <param index="0">
              <value>
                <![CDATA[[TestResult name=alteraNomeRealUsuario status=SUCCESS method=GerenciarTests.alteraNomeRealUsuario()[pri:0, instance:com.seleniumMantis.tests.GerenciarTests@19f3bbaf] output={null}]]]>
              </value>
            </param>
          </params>
          <reporter-output>
          </reporter-output>
        </test-method> <!-- afterTest -->
        <test-method status="PASS" signature="beforeTest(java.lang.reflect.Method)[pri:0, instance:com.seleniumMantis.tests.GerenciarTests@19f3bbaf]" name="beforeTest" is-config="true" duration-ms="7052" started-at="2020-09-22T20:04:14Z" finished-at="2020-09-22T20:04:21Z">
          <params>
            <param index="0">
              <value>
                <![CDATA[public void com.seleniumMantis.tests.GerenciarTests.criaNovoUsuario()]]>
              </value>
            </param>
          </params>
          <reporter-output>
          </reporter-output>
        </test-method> <!-- beforeTest -->
        <test-method status="PASS" signature="criaNovoUsuario()[pri:0, instance:com.seleniumMantis.tests.GerenciarTests@19f3bbaf]" name="criaNovoUsuario" duration-ms="127927" started-at="2020-09-22T20:04:21Z" finished-at="2020-09-22T20:06:29Z">
          <reporter-output>
          </reporter-output>
        </test-method> <!-- criaNovoUsuario -->
        <test-method status="PASS" signature="afterTest(org.testng.ITestResult)[pri:0, instance:com.seleniumMantis.tests.GerenciarTests@19f3bbaf]" name="afterTest" is-config="true" duration-ms="861" started-at="2020-09-22T20:06:29Z" finished-at="2020-09-22T20:06:30Z">
          <params>
            <param index="0">
              <value>
                <![CDATA[[TestResult name=criaNovoUsuario status=SUCCESS method=GerenciarTests.criaNovoUsuario()[pri:0, instance:com.seleniumMantis.tests.GerenciarTests@19f3bbaf] output={null}]]]>
              </value>
            </param>
          </params>
          <reporter-output>
          </reporter-output>
        </test-method> <!-- afterTest -->
        <test-method status="PASS" signature="beforeTest(java.lang.reflect.Method)[pri:0, instance:com.seleniumMantis.tests.GerenciarTests@19f3bbaf]" name="beforeTest" is-config="true" duration-ms="7818" started-at="2020-09-22T20:06:30Z" finished-at="2020-09-22T20:06:38Z">
          <params>
            <param index="0">
              <value>
                <![CDATA[public void com.seleniumMantis.tests.GerenciarTests.criaUsuarioNomeJaCadastrado()]]>
              </value>
            </param>
          </params>
          <reporter-output>
          </reporter-output>
        </test-method> <!-- beforeTest -->
        <test-method status="PASS" signature="criaUsuarioNomeJaCadastrado()[pri:0, instance:com.seleniumMantis.tests.GerenciarTests@19f3bbaf]" name="criaUsuarioNomeJaCadastrado" duration-ms="8158" started-at="2020-09-22T20:06:38Z" finished-at="2020-09-22T20:06:46Z">
          <reporter-output>
          </reporter-output>
        </test-method> <!-- criaUsuarioNomeJaCadastrado -->
        <test-method status="PASS" signature="afterTest(org.testng.ITestResult)[pri:0, instance:com.seleniumMantis.tests.GerenciarTests@19f3bbaf]" name="afterTest" is-config="true" duration-ms="806" started-at="2020-09-22T20:06:46Z" finished-at="2020-09-22T20:06:47Z">
          <params>
            <param index="0">
              <value>
                <![CDATA[[TestResult name=criaUsuarioNomeJaCadastrado status=SUCCESS method=GerenciarTests.criaUsuarioNomeJaCadastrado()[pri:0, instance:com.seleniumMantis.tests.GerenciarTests@19f3bbaf] output={null}]]]>
              </value>
            </param>
          </params>
          <reporter-output>
          </reporter-output>
        </test-method> <!-- afterTest -->
        <test-method status="PASS" signature="beforeTest(java.lang.reflect.Method)[pri:0, instance:com.seleniumMantis.tests.GerenciarTests@19f3bbaf]" name="beforeTest" is-config="true" duration-ms="7559" started-at="2020-09-22T20:06:47Z" finished-at="2020-09-22T20:06:54Z">
          <params>
            <param index="0">
              <value>
                <![CDATA[public void com.seleniumMantis.tests.GerenciarTests.criaUsuarioEmailJaCadastrado()]]>
              </value>
            </param>
          </params>
          <reporter-output>
          </reporter-output>
        </test-method> <!-- beforeTest -->
        <test-method status="PASS" signature="criaUsuarioEmailJaCadastrado()[pri:0, instance:com.seleniumMantis.tests.GerenciarTests@19f3bbaf]" name="criaUsuarioEmailJaCadastrado" duration-ms="7089" started-at="2020-09-22T20:06:54Z" finished-at="2020-09-22T20:07:01Z">
          <reporter-output>
          </reporter-output>
        </test-method> <!-- criaUsuarioEmailJaCadastrado -->
        <test-method status="PASS" signature="afterTest(org.testng.ITestResult)[pri:0, instance:com.seleniumMantis.tests.GerenciarTests@19f3bbaf]" name="afterTest" is-config="true" duration-ms="1243" started-at="2020-09-22T20:07:01Z" finished-at="2020-09-22T20:07:03Z">
          <params>
            <param index="0">
              <value>
                <![CDATA[[TestResult name=criaUsuarioEmailJaCadastrado status=SUCCESS method=GerenciarTests.criaUsuarioEmailJaCadastrado()[pri:0, instance:com.seleniumMantis.tests.GerenciarTests@19f3bbaf] output={null}]]]>
              </value>
            </param>
          </params>
          <reporter-output>
          </reporter-output>
        </test-method> <!-- afterTest -->
        <test-method status="PASS" signature="beforeTest(java.lang.reflect.Method)[pri:0, instance:com.seleniumMantis.tests.GerenciarTests@19f3bbaf]" name="beforeTest" is-config="true" duration-ms="8234" started-at="2020-09-22T20:07:03Z" finished-at="2020-09-22T20:07:11Z">
          <params>
            <param index="0">
              <value>
                <![CDATA[public void com.seleniumMantis.tests.GerenciarTests.editarStadoParaRelease()]]>
              </value>
            </param>
          </params>
          <reporter-output>
          </reporter-output>
        </test-method> <!-- beforeTest -->
        <test-method status="PASS" signature="editarStadoParaRelease()[pri:0, instance:com.seleniumMantis.tests.GerenciarTests@19f3bbaf]" name="editarStadoParaRelease" duration-ms="8509" started-at="2020-09-22T20:07:11Z" finished-at="2020-09-22T20:07:19Z">
          <reporter-output>
          </reporter-output>
        </test-method> <!-- editarStadoParaRelease -->
        <test-method status="PASS" signature="afterTest(org.testng.ITestResult)[pri:0, instance:com.seleniumMantis.tests.GerenciarTests@19f3bbaf]" name="afterTest" is-config="true" duration-ms="868" started-at="2020-09-22T20:07:19Z" finished-at="2020-09-22T20:07:20Z">
          <params>
            <param index="0">
              <value>
                <![CDATA[[TestResult name=editarStadoParaRelease status=SUCCESS method=GerenciarTests.editarStadoParaRelease()[pri:0, instance:com.seleniumMantis.tests.GerenciarTests@19f3bbaf] output={null}]]]>
              </value>
            </param>
          </params>
          <reporter-output>
          </reporter-output>
        </test-method> <!-- afterTest -->
        <test-method status="PASS" signature="beforeTest(java.lang.reflect.Method)[pri:0, instance:com.seleniumMantis.tests.GerenciarTests@19f3bbaf]" name="beforeTest" is-config="true" duration-ms="7387" started-at="2020-09-22T20:07:20Z" finished-at="2020-09-22T20:07:28Z">
          <params>
            <param index="0">
              <value>
                <![CDATA[public void com.seleniumMantis.tests.GerenciarTests.editarStadoParaEstavel()]]>
              </value>
            </param>
          </params>
          <reporter-output>
          </reporter-output>
        </test-method> <!-- beforeTest -->
        <test-method status="PASS" signature="editarStadoParaEstavel()[pri:0, instance:com.seleniumMantis.tests.GerenciarTests@19f3bbaf]" name="editarStadoParaEstavel" duration-ms="5555" started-at="2020-09-22T20:07:28Z" finished-at="2020-09-22T20:07:33Z">
          <reporter-output>
          </reporter-output>
        </test-method> <!-- editarStadoParaEstavel -->
        <test-method status="PASS" signature="afterTest(org.testng.ITestResult)[pri:0, instance:com.seleniumMantis.tests.GerenciarTests@19f3bbaf]" name="afterTest" is-config="true" duration-ms="951" started-at="2020-09-22T20:07:33Z" finished-at="2020-09-22T20:07:34Z">
          <params>
            <param index="0">
              <value>
                <![CDATA[[TestResult name=editarStadoParaEstavel status=SUCCESS method=GerenciarTests.editarStadoParaEstavel()[pri:0, instance:com.seleniumMantis.tests.GerenciarTests@19f3bbaf] output={null}]]]>
              </value>
            </param>
          </params>
          <reporter-output>
          </reporter-output>
        </test-method> <!-- afterTest -->
        <test-method status="PASS" signature="beforeTest(java.lang.reflect.Method)[pri:0, instance:com.seleniumMantis.tests.GerenciarTests@19f3bbaf]" name="beforeTest" is-config="true" duration-ms="7469" started-at="2020-09-22T20:07:34Z" finished-at="2020-09-22T20:07:42Z">
          <params>
            <param index="0">
              <value>
                <![CDATA[public void com.seleniumMantis.tests.GerenciarTests.editarStadoParaObsoleto()]]>
              </value>
            </param>
          </params>
          <reporter-output>
          </reporter-output>
        </test-method> <!-- beforeTest -->
        <test-method status="PASS" signature="editarStadoParaObsoleto()[pri:0, instance:com.seleniumMantis.tests.GerenciarTests@19f3bbaf]" name="editarStadoParaObsoleto" duration-ms="6166" started-at="2020-09-22T20:07:42Z" finished-at="2020-09-22T20:07:48Z">
          <reporter-output>
          </reporter-output>
        </test-method> <!-- editarStadoParaObsoleto -->
        <test-method status="PASS" signature="afterTest(org.testng.ITestResult)[pri:0, instance:com.seleniumMantis.tests.GerenciarTests@19f3bbaf]" name="afterTest" is-config="true" duration-ms="1489" started-at="2020-09-22T20:07:48Z" finished-at="2020-09-22T20:07:49Z">
          <params>
            <param index="0">
              <value>
                <![CDATA[[TestResult name=editarStadoParaObsoleto status=SUCCESS method=GerenciarTests.editarStadoParaObsoleto()[pri:0, instance:com.seleniumMantis.tests.GerenciarTests@19f3bbaf] output={null}]]]>
              </value>
            </param>
          </params>
          <reporter-output>
          </reporter-output>
        </test-method> <!-- afterTest -->
        <test-method status="PASS" signature="beforeTest(java.lang.reflect.Method)[pri:0, instance:com.seleniumMantis.tests.GerenciarTests@19f3bbaf]" name="beforeTest" is-config="true" duration-ms="7414" started-at="2020-09-22T20:07:49Z" finished-at="2020-09-22T20:07:57Z">
          <params>
            <param index="0">
              <value>
                <![CDATA[public void com.seleniumMantis.tests.GerenciarTests.criarNovoProjeto()]]>
              </value>
            </param>
          </params>
          <reporter-output>
          </reporter-output>
        </test-method> <!-- beforeTest -->
        <test-method status="PASS" signature="criarNovoProjeto()[pri:0, instance:com.seleniumMantis.tests.GerenciarTests@19f3bbaf]" name="criarNovoProjeto" duration-ms="8236" started-at="2020-09-22T20:07:57Z" finished-at="2020-09-22T20:08:05Z">
          <reporter-output>
          </reporter-output>
        </test-method> <!-- criarNovoProjeto -->
        <test-method status="PASS" signature="afterTest(org.testng.ITestResult)[pri:0, instance:com.seleniumMantis.tests.GerenciarTests@19f3bbaf]" name="afterTest" is-config="true" duration-ms="964" started-at="2020-09-22T20:08:05Z" finished-at="2020-09-22T20:08:06Z">
          <params>
            <param index="0">
              <value>
                <![CDATA[[TestResult name=criarNovoProjeto status=SUCCESS method=GerenciarTests.criarNovoProjeto()[pri:0, instance:com.seleniumMantis.tests.GerenciarTests@19f3bbaf] output={null}]]]>
              </value>
            </param>
          </params>
          <reporter-output>
          </reporter-output>
        </test-method> <!-- afterTest -->
        <test-method status="PASS" signature="beforeTest(java.lang.reflect.Method)[pri:0, instance:com.seleniumMantis.tests.GerenciarTests@19f3bbaf]" name="beforeTest" is-config="true" duration-ms="7896" started-at="2020-09-22T20:08:06Z" finished-at="2020-09-22T20:08:14Z">
          <params>
            <param index="0">
              <value>
                <![CDATA[public void com.seleniumMantis.tests.GerenciarTests.alterarVisibilidadePrivado()]]>
              </value>
            </param>
          </params>
          <reporter-output>
          </reporter-output>
        </test-method> <!-- beforeTest -->
        <test-method status="PASS" signature="alterarVisibilidadePrivado()[pri:0, instance:com.seleniumMantis.tests.GerenciarTests@19f3bbaf]" name="alterarVisibilidadePrivado" duration-ms="6742" started-at="2020-09-22T20:08:14Z" finished-at="2020-09-22T20:08:20Z">
          <reporter-output>
          </reporter-output>
        </test-method> <!-- alterarVisibilidadePrivado -->
        <test-method status="PASS" signature="afterTest(org.testng.ITestResult)[pri:0, instance:com.seleniumMantis.tests.GerenciarTests@19f3bbaf]" name="afterTest" is-config="true" duration-ms="815" started-at="2020-09-22T20:08:20Z" finished-at="2020-09-22T20:08:21Z">
          <params>
            <param index="0">
              <value>
                <![CDATA[[TestResult name=alterarVisibilidadePrivado status=SUCCESS method=GerenciarTests.alterarVisibilidadePrivado()[pri:0, instance:com.seleniumMantis.tests.GerenciarTests@19f3bbaf] output={null}]]]>
              </value>
            </param>
          </params>
          <reporter-output>
          </reporter-output>
        </test-method> <!-- afterTest -->
        <test-method status="PASS" signature="beforeTest(java.lang.reflect.Method)[pri:0, instance:com.seleniumMantis.tests.GerenciarTests@19f3bbaf]" name="beforeTest" is-config="true" duration-ms="7316" started-at="2020-09-22T20:08:21Z" finished-at="2020-09-22T20:08:29Z">
          <params>
            <param index="0">
              <value>
                <![CDATA[public void com.seleniumMantis.tests.GerenciarTests.alterarVisibilidadePublico()]]>
              </value>
            </param>
          </params>
          <reporter-output>
          </reporter-output>
        </test-method> <!-- beforeTest -->
        <test-method status="PASS" signature="alterarVisibilidadePublico()[pri:0, instance:com.seleniumMantis.tests.GerenciarTests@19f3bbaf]" name="alterarVisibilidadePublico" duration-ms="6190" started-at="2020-09-22T20:08:29Z" finished-at="2020-09-22T20:08:35Z">
          <reporter-output>
          </reporter-output>
        </test-method> <!-- alterarVisibilidadePublico -->
        <test-method status="PASS" signature="afterTest(org.testng.ITestResult)[pri:0, instance:com.seleniumMantis.tests.GerenciarTests@19f3bbaf]" name="afterTest" is-config="true" duration-ms="854" started-at="2020-09-22T20:08:35Z" finished-at="2020-09-22T20:08:36Z">
          <params>
            <param index="0">
              <value>
                <![CDATA[[TestResult name=alterarVisibilidadePublico status=SUCCESS method=GerenciarTests.alterarVisibilidadePublico()[pri:0, instance:com.seleniumMantis.tests.GerenciarTests@19f3bbaf] output={null}]]]>
              </value>
            </param>
          </params>
          <reporter-output>
          </reporter-output>
        </test-method> <!-- afterTest -->
        <test-method status="PASS" signature="beforeTest(java.lang.reflect.Method)[pri:0, instance:com.seleniumMantis.tests.GerenciarTests@19f3bbaf]" name="beforeTest" is-config="true" duration-ms="7229" started-at="2020-09-22T20:08:36Z" finished-at="2020-09-22T20:08:43Z">
          <params>
            <param index="0">
              <value>
                <![CDATA[public void com.seleniumMantis.tests.GerenciarTests.vincularSubProjeto()]]>
              </value>
            </param>
          </params>
          <reporter-output>
          </reporter-output>
        </test-method> <!-- beforeTest -->
        <test-method status="PASS" signature="vincularSubProjeto()[pri:0, instance:com.seleniumMantis.tests.GerenciarTests@19f3bbaf]" name="vincularSubProjeto" duration-ms="5589" started-at="2020-09-22T20:08:43Z" finished-at="2020-09-22T20:08:48Z">
          <reporter-output>
          </reporter-output>
        </test-method> <!-- vincularSubProjeto -->
        <test-method status="PASS" signature="afterTest(org.testng.ITestResult)[pri:0, instance:com.seleniumMantis.tests.GerenciarTests@19f3bbaf]" name="afterTest" is-config="true" duration-ms="768" started-at="2020-09-22T20:08:48Z" finished-at="2020-09-22T20:08:49Z">
          <params>
            <param index="0">
              <value>
                <![CDATA[[TestResult name=vincularSubProjeto status=SUCCESS method=GerenciarTests.vincularSubProjeto()[pri:0, instance:com.seleniumMantis.tests.GerenciarTests@19f3bbaf] output={null}]]]>
              </value>
            </param>
          </params>
          <reporter-output>
          </reporter-output>
        </test-method> <!-- afterTest -->
        <test-method status="PASS" signature="beforeTest(java.lang.reflect.Method)[pri:0, instance:com.seleniumMantis.tests.GerenciarTests@19f3bbaf]" name="beforeTest" is-config="true" duration-ms="6904" started-at="2020-09-22T20:08:49Z" finished-at="2020-09-22T20:08:56Z">
          <params>
            <param index="0">
              <value>
                <![CDATA[public void com.seleniumMantis.tests.GerenciarTests.desabilitarProjeto()]]>
              </value>
            </param>
          </params>
          <reporter-output>
          </reporter-output>
        </test-method> <!-- beforeTest -->
        <test-method status="PASS" signature="desabilitarProjeto()[pri:0, instance:com.seleniumMantis.tests.GerenciarTests@19f3bbaf]" name="desabilitarProjeto" duration-ms="6001" started-at="2020-09-22T20:08:56Z" finished-at="2020-09-22T20:09:02Z">
          <reporter-output>
          </reporter-output>
        </test-method> <!-- desabilitarProjeto -->
        <test-method status="PASS" signature="afterTest(org.testng.ITestResult)[pri:0, instance:com.seleniumMantis.tests.GerenciarTests@19f3bbaf]" name="afterTest" is-config="true" duration-ms="1553" started-at="2020-09-22T20:09:02Z" finished-at="2020-09-22T20:09:04Z">
          <params>
            <param index="0">
              <value>
                <![CDATA[[TestResult name=desabilitarProjeto status=SUCCESS method=GerenciarTests.desabilitarProjeto()[pri:0, instance:com.seleniumMantis.tests.GerenciarTests@19f3bbaf] output={null}]]]>
              </value>
            </param>
          </params>
          <reporter-output>
          </reporter-output>
        </test-method> <!-- afterTest -->
        <test-method status="PASS" signature="beforeTest(java.lang.reflect.Method)[pri:0, instance:com.seleniumMantis.tests.GerenciarTests@19f3bbaf]" name="beforeTest" is-config="true" duration-ms="7571" started-at="2020-09-22T20:09:04Z" finished-at="2020-09-22T20:09:11Z">
          <params>
            <param index="0">
              <value>
                <![CDATA[public void com.seleniumMantis.tests.GerenciarTests.cadastrarProjetoNomeJaExistente()]]>
              </value>
            </param>
          </params>
          <reporter-output>
          </reporter-output>
        </test-method> <!-- beforeTest -->
        <test-method status="PASS" signature="cadastrarProjetoNomeJaExistente()[pri:0, instance:com.seleniumMantis.tests.GerenciarTests@19f3bbaf]" name="cadastrarProjetoNomeJaExistente" duration-ms="6785" started-at="2020-09-22T20:09:11Z" finished-at="2020-09-22T20:09:18Z">
          <reporter-output>
          </reporter-output>
        </test-method> <!-- cadastrarProjetoNomeJaExistente -->
        <test-method status="PASS" signature="afterTest(org.testng.ITestResult)[pri:0, instance:com.seleniumMantis.tests.GerenciarTests@19f3bbaf]" name="afterTest" is-config="true" duration-ms="1509" started-at="2020-09-22T20:09:18Z" finished-at="2020-09-22T20:09:20Z">
          <params>
            <param index="0">
              <value>
                <![CDATA[[TestResult name=cadastrarProjetoNomeJaExistente status=SUCCESS method=GerenciarTests.cadastrarProjetoNomeJaExistente()[pri:0, instance:com.seleniumMantis.tests.GerenciarTests@19f3bbaf] output={null}]]]>
              </value>
            </param>
          </params>
          <reporter-output>
          </reporter-output>
        </test-method> <!-- afterTest -->
        <test-method status="PASS" signature="beforeTest(java.lang.reflect.Method)[pri:0, instance:com.seleniumMantis.tests.GerenciarTests@19f3bbaf]" name="beforeTest" is-config="true" duration-ms="7352" started-at="2020-09-22T20:09:20Z" finished-at="2020-09-22T20:09:27Z">
          <params>
            <param index="0">
              <value>
                <![CDATA[public void com.seleniumMantis.tests.GerenciarTests.editarNomeMarcador()]]>
              </value>
            </param>
          </params>
          <reporter-output>
          </reporter-output>
        </test-method> <!-- beforeTest -->
        <test-method status="PASS" signature="editarNomeMarcador()[pri:0, instance:com.seleniumMantis.tests.GerenciarTests@19f3bbaf]" name="editarNomeMarcador" duration-ms="7195" started-at="2020-09-22T20:09:27Z" finished-at="2020-09-22T20:09:34Z">
          <reporter-output>
          </reporter-output>
        </test-method> <!-- editarNomeMarcador -->
        <test-method status="PASS" signature="afterTest(org.testng.ITestResult)[pri:0, instance:com.seleniumMantis.tests.GerenciarTests@19f3bbaf]" name="afterTest" is-config="true" duration-ms="1793" started-at="2020-09-22T20:09:34Z" finished-at="2020-09-22T20:09:36Z">
          <params>
            <param index="0">
              <value>
                <![CDATA[[TestResult name=editarNomeMarcador status=SUCCESS method=GerenciarTests.editarNomeMarcador()[pri:0, instance:com.seleniumMantis.tests.GerenciarTests@19f3bbaf] output={null}]]]>
              </value>
            </param>
          </params>
          <reporter-output>
          </reporter-output>
        </test-method> <!-- afterTest -->
        <test-method status="PASS" signature="beforeTest(java.lang.reflect.Method)[pri:0, instance:com.seleniumMantis.tests.GerenciarTests@19f3bbaf]" name="beforeTest" is-config="true" duration-ms="6945" started-at="2020-09-22T20:09:36Z" finished-at="2020-09-22T20:09:43Z">
          <params>
            <param index="0">
              <value>
                <![CDATA[public void com.seleniumMantis.tests.GerenciarTests.cadastrarNomeMarcadorJaExistente()]]>
              </value>
            </param>
          </params>
          <reporter-output>
          </reporter-output>
        </test-method> <!-- beforeTest -->
        <test-method status="PASS" signature="cadastrarNomeMarcadorJaExistente()[pri:0, instance:com.seleniumMantis.tests.GerenciarTests@19f3bbaf]" name="cadastrarNomeMarcadorJaExistente" duration-ms="6284" started-at="2020-09-22T20:09:43Z" finished-at="2020-09-22T20:09:49Z">
          <reporter-output>
          </reporter-output>
        </test-method> <!-- cadastrarNomeMarcadorJaExistente -->
        <test-method status="PASS" signature="afterTest(org.testng.ITestResult)[pri:0, instance:com.seleniumMantis.tests.GerenciarTests@19f3bbaf]" name="afterTest" is-config="true" duration-ms="1501" started-at="2020-09-22T20:09:49Z" finished-at="2020-09-22T20:09:51Z">
          <params>
            <param index="0">
              <value>
                <![CDATA[[TestResult name=cadastrarNomeMarcadorJaExistente status=SUCCESS method=GerenciarTests.cadastrarNomeMarcadorJaExistente()[pri:0, instance:com.seleniumMantis.tests.GerenciarTests@19f3bbaf] output={null}]]]>
              </value>
            </param>
          </params>
          <reporter-output>
          </reporter-output>
        </test-method> <!-- afterTest -->
        <test-method status="PASS" signature="beforeTest(java.lang.reflect.Method)[pri:0, instance:com.seleniumMantis.tests.GerenciarTests@19f3bbaf]" name="beforeTest" is-config="true" duration-ms="6517" started-at="2020-09-22T20:09:51Z" finished-at="2020-09-22T20:09:57Z">
          <params>
            <param index="0">
              <value>
                <![CDATA[public void com.seleniumMantis.tests.GerenciarTests.editarDescricaoMarcador()]]>
              </value>
            </param>
          </params>
          <reporter-output>
          </reporter-output>
        </test-method> <!-- beforeTest -->
        <test-method status="PASS" signature="editarDescricaoMarcador()[pri:0, instance:com.seleniumMantis.tests.GerenciarTests@19f3bbaf]" name="editarDescricaoMarcador" duration-ms="6656" started-at="2020-09-22T20:09:57Z" finished-at="2020-09-22T20:10:04Z">
          <reporter-output>
          </reporter-output>
        </test-method> <!-- editarDescricaoMarcador -->
        <test-method status="PASS" signature="afterTest(org.testng.ITestResult)[pri:0, instance:com.seleniumMantis.tests.GerenciarTests@19f3bbaf]" name="afterTest" is-config="true" duration-ms="1402" started-at="2020-09-22T20:10:04Z" finished-at="2020-09-22T20:10:05Z">
          <params>
            <param index="0">
              <value>
                <![CDATA[[TestResult name=editarDescricaoMarcador status=SUCCESS method=GerenciarTests.editarDescricaoMarcador()[pri:0, instance:com.seleniumMantis.tests.GerenciarTests@19f3bbaf] output={null}]]]>
              </value>
            </param>
          </params>
          <reporter-output>
          </reporter-output>
        </test-method> <!-- afterTest -->
        <test-method status="PASS" signature="beforeTest(java.lang.reflect.Method)[pri:0, instance:com.seleniumMantis.tests.GerenciarTests@19f3bbaf]" name="beforeTest" is-config="true" duration-ms="7230" started-at="2020-09-22T20:10:05Z" finished-at="2020-09-22T20:10:12Z">
          <params>
            <param index="0">
              <value>
                <![CDATA[public void com.seleniumMantis.tests.GerenciarTests.criarNovoMarcador()]]>
              </value>
            </param>
          </params>
          <reporter-output>
          </reporter-output>
        </test-method> <!-- beforeTest -->
        <test-method status="PASS" signature="criarNovoMarcador()[pri:0, instance:com.seleniumMantis.tests.GerenciarTests@19f3bbaf]" name="criarNovoMarcador" duration-ms="6210" started-at="2020-09-22T20:10:12Z" finished-at="2020-09-22T20:10:19Z">
          <reporter-output>
          </reporter-output>
        </test-method> <!-- criarNovoMarcador -->
        <test-method status="PASS" signature="afterTest(org.testng.ITestResult)[pri:0, instance:com.seleniumMantis.tests.GerenciarTests@19f3bbaf]" name="afterTest" is-config="true" duration-ms="1215" started-at="2020-09-22T20:10:19Z" finished-at="2020-09-22T20:10:20Z">
          <params>
            <param index="0">
              <value>
                <![CDATA[[TestResult name=criarNovoMarcador status=SUCCESS method=GerenciarTests.criarNovoMarcador()[pri:0, instance:com.seleniumMantis.tests.GerenciarTests@19f3bbaf] output={null}]]]>
              </value>
            </param>
          </params>
          <reporter-output>
          </reporter-output>
        </test-method> <!-- afterTest -->
        <test-method status="PASS" signature="afterSuite()[pri:0, instance:com.seleniumMantis.tests.GerenciarTests@19f3bbaf]" name="afterSuite" is-config="true" duration-ms="2105" started-at="2020-09-22T20:17:07Z" finished-at="2020-09-22T20:17:09Z">
          <reporter-output>
          </reporter-output>
        </test-method> <!-- afterSuite -->
      </class> <!-- com.seleniumMantis.tests.GerenciarTests -->
      <class name="com.seleniumMantis.tests.LoginTests">
        <test-method status="PASS" signature="beforeTest(java.lang.reflect.Method)[pri:0, instance:com.seleniumMantis.tests.LoginTests@7bd5fdc1]" name="beforeTest" is-config="true" duration-ms="6903" started-at="2020-09-22T20:10:20Z" finished-at="2020-09-22T20:10:27Z">
          <params>
            <param index="0">
              <value>
                <![CDATA[public void com.seleniumMantis.tests.LoginTests.loginSucesso()]]>
              </value>
            </param>
          </params>
          <reporter-output>
          </reporter-output>
        </test-method> <!-- beforeTest -->
        <test-method status="PASS" signature="loginSucesso()[pri:0, instance:com.seleniumMantis.tests.LoginTests@7bd5fdc1]" name="loginSucesso" duration-ms="2914" started-at="2020-09-22T20:10:27Z" finished-at="2020-09-22T20:10:30Z">
          <reporter-output>
          </reporter-output>
        </test-method> <!-- loginSucesso -->
        <test-method status="PASS" signature="afterTest(org.testng.ITestResult)[pri:0, instance:com.seleniumMantis.tests.LoginTests@7bd5fdc1]" name="afterTest" is-config="true" duration-ms="782" started-at="2020-09-22T20:10:30Z" finished-at="2020-09-22T20:10:30Z">
          <params>
            <param index="0">
              <value>
                <![CDATA[[TestResult name=loginSucesso status=SUCCESS method=LoginTests.loginSucesso()[pri:0, instance:com.seleniumMantis.tests.LoginTests@7bd5fdc1] output={null}]]]>
              </value>
            </param>
          </params>
          <reporter-output>
          </reporter-output>
        </test-method> <!-- afterTest -->
        <test-method status="PASS" signature="beforeTest(java.lang.reflect.Method)[pri:0, instance:com.seleniumMantis.tests.LoginTests@7bd5fdc1]" name="beforeTest" is-config="true" duration-ms="6475" started-at="2020-09-22T20:10:30Z" finished-at="2020-09-22T20:10:37Z">
          <params>
            <param index="0">
              <value>
                <![CDATA[public void com.seleniumMantis.tests.LoginTests.loginUsuarioSenhaIncorretos()]]>
              </value>
            </param>
          </params>
          <reporter-output>
          </reporter-output>
        </test-method> <!-- beforeTest -->
        <test-method status="PASS" signature="loginUsuarioSenhaIncorretos()[pri:0, instance:com.seleniumMantis.tests.LoginTests@7bd5fdc1]" name="loginUsuarioSenhaIncorretos" duration-ms="1651" started-at="2020-09-22T20:10:37Z" finished-at="2020-09-22T20:10:39Z">
          <reporter-output>
          </reporter-output>
        </test-method> <!-- loginUsuarioSenhaIncorretos -->
        <test-method status="PASS" signature="afterTest(org.testng.ITestResult)[pri:0, instance:com.seleniumMantis.tests.LoginTests@7bd5fdc1]" name="afterTest" is-config="true" duration-ms="746" started-at="2020-09-22T20:10:39Z" finished-at="2020-09-22T20:10:39Z">
          <params>
            <param index="0">
              <value>
                <![CDATA[[TestResult name=loginUsuarioSenhaIncorretos status=SUCCESS method=LoginTests.loginUsuarioSenhaIncorretos()[pri:0, instance:com.seleniumMantis.tests.LoginTests@7bd5fdc1] output={null}]]]>
              </value>
            </param>
          </params>
          <reporter-output>
          </reporter-output>
        </test-method> <!-- afterTest -->
        <test-method status="PASS" signature="beforeTest(java.lang.reflect.Method)[pri:0, instance:com.seleniumMantis.tests.LoginTests@7bd5fdc1]" name="beforeTest" is-config="true" duration-ms="6679" started-at="2020-09-22T20:10:39Z" finished-at="2020-09-22T20:10:46Z">
          <params>
            <param index="0">
              <value>
                <![CDATA[public void com.seleniumMantis.tests.LoginTests.loginSenhaIncorreta()]]>
              </value>
            </param>
          </params>
          <reporter-output>
          </reporter-output>
        </test-method> <!-- beforeTest -->
        <test-method status="PASS" signature="loginSenhaIncorreta()[pri:0, instance:com.seleniumMantis.tests.LoginTests@7bd5fdc1]" name="loginSenhaIncorreta" duration-ms="16810" started-at="2020-09-22T20:10:46Z" finished-at="2020-09-22T20:11:03Z">
          <reporter-output>
          </reporter-output>
        </test-method> <!-- loginSenhaIncorreta -->
        <test-method status="PASS" signature="afterTest(org.testng.ITestResult)[pri:0, instance:com.seleniumMantis.tests.LoginTests@7bd5fdc1]" name="afterTest" is-config="true" duration-ms="840" started-at="2020-09-22T20:11:03Z" finished-at="2020-09-22T20:11:04Z">
          <params>
            <param index="0">
              <value>
                <![CDATA[[TestResult name=loginSenhaIncorreta status=SUCCESS method=LoginTests.loginSenhaIncorreta()[pri:0, instance:com.seleniumMantis.tests.LoginTests@7bd5fdc1] output={null}]]]>
              </value>
            </param>
          </params>
          <reporter-output>
          </reporter-output>
        </test-method> <!-- afterTest -->
        <test-method status="PASS" signature="beforeTest(java.lang.reflect.Method)[pri:0, instance:com.seleniumMantis.tests.LoginTests@7bd5fdc1]" name="beforeTest" is-config="true" duration-ms="6556" started-at="2020-09-22T20:11:04Z" finished-at="2020-09-22T20:11:10Z">
          <params>
            <param index="0">
              <value>
                <![CDATA[public void com.seleniumMantis.tests.LoginTests.loginUsuarioDesativado()]]>
              </value>
            </param>
          </params>
          <reporter-output>
          </reporter-output>
        </test-method> <!-- beforeTest -->
        <test-method status="PASS" signature="loginUsuarioDesativado()[pri:0, instance:com.seleniumMantis.tests.LoginTests@7bd5fdc1]" name="loginUsuarioDesativado" duration-ms="1660" started-at="2020-09-22T20:11:10Z" finished-at="2020-09-22T20:11:12Z">
          <reporter-output>
          </reporter-output>
        </test-method> <!-- loginUsuarioDesativado -->
        <test-method status="PASS" signature="afterTest(org.testng.ITestResult)[pri:0, instance:com.seleniumMantis.tests.LoginTests@7bd5fdc1]" name="afterTest" is-config="true" duration-ms="806" started-at="2020-09-22T20:11:12Z" finished-at="2020-09-22T20:11:13Z">
          <params>
            <param index="0">
              <value>
                <![CDATA[[TestResult name=loginUsuarioDesativado status=SUCCESS method=LoginTests.loginUsuarioDesativado()[pri:0, instance:com.seleniumMantis.tests.LoginTests@7bd5fdc1] output={null}]]]>
              </value>
            </param>
          </params>
          <reporter-output>
          </reporter-output>
        </test-method> <!-- afterTest -->
        <test-method status="PASS" signature="beforeTest(java.lang.reflect.Method)[pri:0, instance:com.seleniumMantis.tests.LoginTests@7bd5fdc1]" name="beforeTest" is-config="true" duration-ms="6422" started-at="2020-09-22T20:11:13Z" finished-at="2020-09-22T20:11:19Z">
          <params>
            <param index="0">
              <value>
                <![CDATA[public void com.seleniumMantis.tests.LoginTests.loginUtilizandoJavaScritp()]]>
              </value>
            </param>
          </params>
          <reporter-output>
          </reporter-output>
        </test-method> <!-- beforeTest -->
        <test-method status="PASS" signature="loginUtilizandoJavaScritp()[pri:0, instance:com.seleniumMantis.tests.LoginTests@7bd5fdc1]" name="loginUtilizandoJavaScritp" duration-ms="2396" started-at="2020-09-22T20:11:19Z" finished-at="2020-09-22T20:11:21Z">
          <reporter-output>
          </reporter-output>
        </test-method> <!-- loginUtilizandoJavaScritp -->
        <test-method status="PASS" signature="afterTest(org.testng.ITestResult)[pri:0, instance:com.seleniumMantis.tests.LoginTests@7bd5fdc1]" name="afterTest" is-config="true" duration-ms="798" started-at="2020-09-22T20:11:21Z" finished-at="2020-09-22T20:11:22Z">
          <params>
            <param index="0">
              <value>
                <![CDATA[[TestResult name=loginUtilizandoJavaScritp status=SUCCESS method=LoginTests.loginUtilizandoJavaScritp()[pri:0, instance:com.seleniumMantis.tests.LoginTests@7bd5fdc1] output={null}]]]>
              </value>
            </param>
          </params>
          <reporter-output>
          </reporter-output>
        </test-method> <!-- afterTest -->
        <test-method status="PASS" signature="beforeTest(java.lang.reflect.Method)[pri:0, instance:com.seleniumMantis.tests.LoginTests@7bd5fdc1]" name="beforeTest" is-config="true" duration-ms="6607" started-at="2020-09-22T20:11:24Z" finished-at="2020-09-22T20:11:31Z">
          <params>
            <param index="0">
              <value>
                <![CDATA[public void com.seleniumMantis.tests.LoginTests.loginUtilizandoDataDriven(java.lang.String,java.lang.String,java.lang.String) throws java.lang.InterruptedException]]>
              </value>
            </param>
          </params>
          <reporter-output>
          </reporter-output>
        </test-method> <!-- beforeTest -->
        <test-method status="PASS" signature="loginUtilizandoDataDriven(java.lang.String, java.lang.String, java.lang.String)[pri:0, instance:com.seleniumMantis.tests.LoginTests@7bd5fdc1]" name="loginUtilizandoDataDriven" duration-ms="2795" started-at="2020-09-22T20:11:31Z" data-provider="testdata" finished-at="2020-09-22T20:11:33Z">
          <params>
            <param index="0">
              <value>
                <![CDATA[administrator]]>
              </value>
            </param>
            <param index="1">
              <value>
                <![CDATA[administrator]]>
              </value>
            </param>
            <param index="2">
              <value>
                <![CDATA[al1]]>
              </value>
            </param>
          </params>
          <reporter-output>
          </reporter-output>
        </test-method> <!-- loginUtilizandoDataDriven -->
        <test-method status="PASS" signature="afterTest(org.testng.ITestResult)[pri:0, instance:com.seleniumMantis.tests.LoginTests@7bd5fdc1]" name="afterTest" is-config="true" duration-ms="778" started-at="2020-09-22T20:11:33Z" finished-at="2020-09-22T20:11:34Z">
          <params>
            <param index="0">
              <value>
                <![CDATA[[TestResult name=loginUtilizandoDataDriven status=SUCCESS method=LoginTests.loginUtilizandoDataDriven(java.lang.String, java.lang.String, java.lang.String)[pri:0, instance:com.seleniumMantis.tests.LoginTests@7bd5fdc1] output={null}]]]>
              </value>
            </param>
          </params>
          <reporter-output>
          </reporter-output>
        </test-method> <!-- afterTest -->
        <test-method status="PASS" signature="beforeTest(java.lang.reflect.Method)[pri:0, instance:com.seleniumMantis.tests.LoginTests@7bd5fdc1]" name="beforeTest" is-config="true" duration-ms="6433" started-at="2020-09-22T20:11:34Z" finished-at="2020-09-22T20:11:41Z">
          <params>
            <param index="0">
              <value>
                <![CDATA[public void com.seleniumMantis.tests.LoginTests.loginUtilizandoDataDriven(java.lang.String,java.lang.String,java.lang.String) throws java.lang.InterruptedException]]>
              </value>
            </param>
          </params>
          <reporter-output>
          </reporter-output>
        </test-method> <!-- beforeTest -->
        <test-method status="PASS" signature="loginUtilizandoDataDriven(java.lang.String, java.lang.String, java.lang.String)[pri:0, instance:com.seleniumMantis.tests.LoginTests@7bd5fdc1]" name="loginUtilizandoDataDriven" duration-ms="2673" started-at="2020-09-22T20:11:41Z" data-provider="testdata" finished-at="2020-09-22T20:11:43Z">
          <params>
            <param index="0">
              <value>
                <![CDATA[luana.assis]]>
              </value>
            </param>
            <param index="1">
              <value>
                <![CDATA[123456]]>
              </value>
            </param>
            <param index="2">
              <value>
                <![CDATA[al2]]>
              </value>
            </param>
          </params>
          <reporter-output>
          </reporter-output>
        </test-method> <!-- loginUtilizandoDataDriven -->
        <test-method status="PASS" signature="afterTest(org.testng.ITestResult)[pri:0, instance:com.seleniumMantis.tests.LoginTests@7bd5fdc1]" name="afterTest" is-config="true" duration-ms="783" started-at="2020-09-22T20:11:43Z" finished-at="2020-09-22T20:11:44Z">
          <params>
            <param index="0">
              <value>
                <![CDATA[[TestResult name=loginUtilizandoDataDriven status=SUCCESS method=LoginTests.loginUtilizandoDataDriven(java.lang.String, java.lang.String, java.lang.String)[pri:0, instance:com.seleniumMantis.tests.LoginTests@7bd5fdc1] output={null}]]]>
              </value>
            </param>
          </params>
          <reporter-output>
          </reporter-output>
        </test-method> <!-- afterTest -->
      </class> <!-- com.seleniumMantis.tests.LoginTests -->
    </test> <!-- C:/Users/Base2/Desktop/Ole/mantisJavaTemplate/src/test/java/com/seleniumMantis/tests -->
  </suite> <!-- All Test Suite -->
</testng-results>
