<?xml version="1.0" encoding="UTF-8"?>
<testsuite name="TestSuite" time="541.116" tests="51" errors="0" skipped="0" failures="0">
  <properties>
[...]
</properties>
  <testcase name="verificaTrocaPerfilAdministrador" classname="com.seleniumMantis.tests.GerenciarTests" time="11.311"/>
  <testcase name="inativaUsuario" classname="com.seleniumMantis.tests.GerenciarTests" time="7.408"/>
  <testcase name="verificaTrocaPerfilGerente" classname="com.seleniumMantis.tests.GerenciarTests" time="6.692"/>
  <testcase name="verificaTrocaPerfilDesenvolvedor" classname="com.seleniumMantis.tests.GerenciarTests" time="7.585"/>
  <testcase name="verificaTrocaPerfilAtualizador" classname="com.seleniumMantis.tests.GerenciarTests" time="11.263"/>
  <testcase name="verificaTrocaPerfilRelator" classname="com.seleniumMantis.tests.GerenciarTests" time="11.264"/>
  <testcase name="verificaTrocaPerfilVisualizador" classname="com.seleniumMantis.tests.GerenciarTests" time="8.04"/>
  <testcase name="verificaAlteracaoEmailUsuario" classname="com.seleniumMantis.tests.GerenciarTests" time="8.827"/>
  <testcase name="apagaUsuario" classname="com.seleniumMantis.tests.GerenciarTests" time="8.568"/>
  <testcase name="alteraNomeUsuario" classname="com.seleniumMantis.tests.GerenciarTests" time="9.669"/>
  <testcase name="alteraNomeRealUsuario" classname="com.seleniumMantis.tests.GerenciarTests" time="7.902"/>
  <testcase name="criaNovoUsuario" classname="com.seleniumMantis.tests.GerenciarTests" time="127.927"/>
  <testcase name="criaUsuarioNomeJaCadastrado" classname="com.seleniumMantis.tests.GerenciarTests" time="8.158"/>
  <testcase name="criaUsuarioEmailJaCadastrado" classname="com.seleniumMantis.tests.GerenciarTests" time="7.089"/>
  <testcase name="editarStadoParaRelease" classname="com.seleniumMantis.tests.GerenciarTests" time="8.509"/>
  <testcase name="editarStadoParaEstavel" classname="com.seleniumMantis.tests.GerenciarTests" time="5.555"/>
  <testcase name="editarStadoParaObsoleto" classname="com.seleniumMantis.tests.GerenciarTests" time="6.166"/>
  <testcase name="criarNovoProjeto" classname="com.seleniumMantis.tests.GerenciarTests" time="8.236"/>
  <testcase name="alterarVisibilidadePrivado" classname="com.seleniumMantis.tests.GerenciarTests" time="6.743"/>
  <testcase name="alterarVisibilidadePublico" classname="com.seleniumMantis.tests.GerenciarTests" time="6.19"/>
  <testcase name="vincularSubProjeto" classname="com.seleniumMantis.tests.GerenciarTests" time="5.589"/>
  <testcase name="desabilitarProjeto" classname="com.seleniumMantis.tests.GerenciarTests" time="6.002"/>
  <testcase name="cadastrarProjetoNomeJaExistente" classname="com.seleniumMantis.tests.GerenciarTests" time="6.785"/>
  <testcase name="editarNomeMarcador" classname="com.seleniumMantis.tests.GerenciarTests" time="7.196"/>
  <testcase name="cadastrarNomeMarcadorJaExistente" classname="com.seleniumMantis.tests.GerenciarTests" time="6.284"/>
  <testcase name="editarDescricaoMarcador" classname="com.seleniumMantis.tests.GerenciarTests" time="6.655"/>
  <testcase name="criarNovoMarcador" classname="com.seleniumMantis.tests.GerenciarTests" time="6.21"/>
  <testcase name="loginSucesso" classname="com.seleniumMantis.tests.LoginTests" time="2.914"/>
  <testcase name="loginUsuarioSenhaIncorretos" classname="com.seleniumMantis.tests.LoginTests" time="1.651"/>
  <testcase name="loginSenhaIncorreta" classname="com.seleniumMantis.tests.LoginTests" time="16.81"/>
  <testcase name="loginUsuarioDesativado" classname="com.seleniumMantis.tests.LoginTests" time="1.66"/>
  <testcase name="loginUtilizandoJavaScritp" classname="com.seleniumMantis.tests.LoginTests" time="2.396"/>
  <testcase name="loginUtilizandoDataDriven" classname="com.seleniumMantis.tests.LoginTests" time="2.796"/>
  <testcase name="loginUtilizandoDataDriven" classname="com.seleniumMantis.tests.LoginTests" time="2.673"/>
  <testcase name="verificaProjetoExistente" classname="com.seleniumMantis.tests.ProjetoTests" time="3.341"/>
  <testcase name="verificaSelecaoProjetoExistente" classname="com.seleniumMantis.tests.ProjetoTests" time="4.377"/>
  <testcase name="criaTarefaSucesso" classname="com.seleniumMantis.tests.TarefasTests" time="12.051"/>
  <testcase name="verificaTarefaCriadaEmMinhaVisao" classname="com.seleniumMantis.tests.TarefasTests" time="10.578"/>
  <testcase name="verificaFiltroTarefa" classname="com.seleniumMantis.tests.TarefasTests" time="12.562"/>
  <testcase name="adicionaMarcadorTarefa" classname="com.seleniumMantis.tests.TarefasTests" time="11.189"/>
  <testcase name="removeMarcadorTarefa" classname="com.seleniumMantis.tests.TarefasTests" time="13.337"/>
  <testcase name="adicionaRelacaoInvalida" classname="com.seleniumMantis.tests.TarefasTests" time="10.972"/>
  <testcase name="adicionaRelacaoSucesso" classname="com.seleniumMantis.tests.TarefasTests" time="11.899"/>
  <testcase name="adicionaRelacaoPaiSucesso" classname="com.seleniumMantis.tests.TarefasTests" time="10.814"/>
  <testcase name="adicionaRelacaoFilhoSucesso" classname="com.seleniumMantis.tests.TarefasTests" time="11.611"/>
  <testcase name="adicionaRelacaoDuplicadaSucesso" classname="com.seleniumMantis.tests.TarefasTests" time="11.765"/>
  <testcase name="adicionaRelacaoPossuiDuplicidadeSucesso" classname="com.seleniumMantis.tests.TarefasTests" time="11.104"/>
  <testcase name="atribuiTarefaUsuario" classname="com.seleniumMantis.tests.TarefasTests" time="11.738"/>
  <testcase name="tentaResolverTarefaComStatusNovo" classname="com.seleniumMantis.tests.TarefasTests" time="11.264"/>
  <testcase name="tentaResolverTarefaSucesso" classname="com.seleniumMantis.tests.TarefasTests" time="12.22"/>
  <testcase name="alteraPrioridadeTarefa" classname="com.seleniumMantis.tests.TarefasTests" time="14.244"/>
</testsuite>